1668362344: mosquitto version 2.0.15 starting
1668362344: Config loaded from /mosquitto/config/mosquitto.conf.
1668362344: Opening ipv4 listen socket on port 1883.
1668362344: mosquitto version 2.0.15 running
1668362360: New connection from 172.18.0.1:56794 on port 1883.
1668362360: New client connected from 172.18.0.1:56794 as mqttjs_8e62f568 (p2, c1, k60).
1668362360: No will message specified.
1668362360: Sending CONNACK to mqttjs_8e62f568 (0, 0)
1668362360: Received SUBSCRIBE from mqttjs_8e62f568
1668362360: 	presence (QoS 0)
1668362360: mqttjs_8e62f568 0 presence
1668362360: Sending SUBACK to mqttjs_8e62f568
1668362360: Received PUBLISH from mqttjs_8e62f568 (d0, q0, r0, m0, 'presence', ... (10 bytes))
1668362360: Sending PUBLISH to mqttjs_8e62f568 (d0, q0, r0, m0, 'presence', ... (10 bytes))
1668362360: Received DISCONNECT from mqttjs_8e62f568
1668362360: Client mqttjs_8e62f568 disconnected.
1668362398: New connection from 172.18.0.1:61058 on port 1883.
1668362398: New client connected from 172.18.0.1:61058 as mqttjs_ef1e8603 (p2, c1, k60).
1668362398: No will message specified.
1668362398: Sending CONNACK to mqttjs_ef1e8603 (0, 0)
1668362398: Received SUBSCRIBE from mqttjs_ef1e8603
1668362398: 	presence (QoS 0)
1668362398: mqttjs_ef1e8603 0 presence
1668362398: Sending SUBACK to mqttjs_ef1e8603
1668362398: Received PUBLISH from mqttjs_ef1e8603 (d0, q0, r0, m0, 'presence', ... (10 bytes))
1668362398: Sending PUBLISH to mqttjs_ef1e8603 (d0, q0, r0, m0, 'presence', ... (10 bytes))
1668362398: Received DISCONNECT from mqttjs_ef1e8603
1668362398: Client mqttjs_ef1e8603 disconnected.
